<?xml version="1.0" encoding="UTF-8"?>
<testng-results skipped="0" failed="0" ignored="0" total="9" passed="9">
  <reporter-output>
  </reporter-output>
  <suite name="friday.InsureCar.AppTest" duration-ms="209720" started-at="2020-01-14T01:52:46Z" finished-at="2020-01-14T01:56:16Z">
    <groups>
    </groups>
    <test name="Command line test" duration-ms="209720" started-at="2020-01-14T01:52:46Z" finished-at="2020-01-14T01:56:16Z">
      <class name="friday.InsureCar.AppTest">
        <test-method status="PASS" signature="initialization()[pri:0, instance:friday.InsureCar.AppTest@57829d67]" name="initialization" is-config="true" duration-ms="386" started-at="2020-01-14T02:52:46Z" finished-at="2020-01-14T02:52:46Z">
          <reporter-output>
          </reporter-output>
        </test-method> <!-- initialization -->
        <test-method status="PASS" signature="testcar(java.lang.String, java.lang.String, java.lang.String, java.lang.String, java.lang.String, java.lang.String)[pri:0, instance:friday.InsureCar.AppTest@57829d67]" name="testcar" duration-ms="28329" started-at="2020-01-14T02:52:46Z" data-provider="CarObject" finished-at="2020-01-14T02:53:15Z">
          <params>
            <param index="0">
              <value>
                <![CDATA[BMW]]>
              </value>
            </param>
            <param index="1">
              <value>
                <![CDATA[1er]]>
              </value>
            </param>
            <param index="2">
              <value>
                <![CDATA[Cabrio]]>
              </value>
            </param>
            <param index="3">
              <value>
                <![CDATA[Diesel]]>
              </value>
            </param>
            <param index="4">
              <value>
                <![CDATA[150 kW / 204 PS]]>
              </value>
            </param>
            <param index="5">
              <value>
                <![CDATA[123D CABRIO]]>
              </value>
            </param>
          </params>
          <reporter-output>
          </reporter-output>
        </test-method> <!-- testcar -->
        <test-method status="PASS" signature="testcar(java.lang.String, java.lang.String, java.lang.String, java.lang.String, java.lang.String, java.lang.String)[pri:0, instance:friday.InsureCar.AppTest@57829d67]" name="testcar" duration-ms="21365" started-at="2020-01-14T02:53:15Z" data-provider="CarObject" finished-at="2020-01-14T02:53:36Z">
          <params>
            <param index="0">
              <value>
                <![CDATA[BMW]]>
              </value>
            </param>
            <param index="1">
              <value>
                <![CDATA[2er]]>
              </value>
            </param>
            <param index="2">
              <value>
                <![CDATA[Coupe]]>
              </value>
            </param>
            <param index="3">
              <value>
                <![CDATA[Benzin]]>
              </value>
            </param>
            <param index="4">
              <value>
                <![CDATA[185 kW / 252 PS]]>
              </value>
            </param>
            <param index="5">
              <value>
                <![CDATA[230I COUPE]]>
              </value>
            </param>
          </params>
          <reporter-output>
          </reporter-output>
        </test-method> <!-- testcar -->
        <test-method status="PASS" signature="testcar(java.lang.String, java.lang.String, java.lang.String, java.lang.String, java.lang.String, java.lang.String)[pri:0, instance:friday.InsureCar.AppTest@57829d67]" name="testcar" duration-ms="24156" started-at="2020-01-14T02:53:36Z" data-provider="CarObject" finished-at="2020-01-14T02:54:00Z">
          <params>
            <param index="0">
              <value>
                <![CDATA[BMW]]>
              </value>
            </param>
            <param index="1">
              <value>
                <![CDATA[5er]]>
              </value>
            </param>
            <param index="2">
              <value>
                <![CDATA[Limousine]]>
              </value>
            </param>
            <param index="3">
              <value>
                <![CDATA[Hybrid]]>
              </value>
            </param>
            <param index="4">
              <value>
                <![CDATA[225 kW / 306 PS]]>
              </value>
            </param>
            <param index="5">
              <value>
                <![CDATA[ACTIVEHYBRID 5]]>
              </value>
            </param>
          </params>
          <reporter-output>
          </reporter-output>
        </test-method> <!-- testcar -->
        <test-method status="PASS" signature="testcar(java.lang.String, java.lang.String, java.lang.String, java.lang.String, java.lang.String, java.lang.String)[pri:0, instance:friday.InsureCar.AppTest@57829d67]" name="testcar" duration-ms="22570" started-at="2020-01-14T02:54:00Z" data-provider="CarObject" finished-at="2020-01-14T02:54:23Z">
          <params>
            <param index="0">
              <value>
                <![CDATA[VW]]>
              </value>
            </param>
            <param index="1">
              <value>
                <![CDATA[Caddy]]>
              </value>
            </param>
            <param index="2">
              <value>
                <![CDATA[Kasten]]>
              </value>
            </param>
            <param index="3">
              <value>
                <![CDATA[Benzin]]>
              </value>
            </param>
            <param index="4">
              <value>
                <![CDATA[96 kW / 131 PS]]>
              </value>
            </param>
            <param index="5">
              <value>
                <![CDATA[CADDY 1.4]]>
              </value>
            </param>
          </params>
          <reporter-output>
          </reporter-output>
        </test-method> <!-- testcar -->
        <test-method status="PASS" signature="testcar(java.lang.String, java.lang.String, java.lang.String, java.lang.String, java.lang.String, java.lang.String)[pri:0, instance:friday.InsureCar.AppTest@57829d67]" name="testcar" duration-ms="22342" started-at="2020-01-14T02:54:23Z" data-provider="CarObject" finished-at="2020-01-14T02:54:45Z">
          <params>
            <param index="0">
              <value>
                <![CDATA[VW]]>
              </value>
            </param>
            <param index="1">
              <value>
                <![CDATA[Golf]]>
              </value>
            </param>
            <param index="2">
              <value>
                <![CDATA[Cabrio]]>
              </value>
            </param>
            <param index="3">
              <value>
                <![CDATA[Benzin]]>
              </value>
            </param>
            <param index="4">
              <value>
                <![CDATA[70 kW / 95 PS]]>
              </value>
            </param>
            <param index="5">
              <value>
                <![CDATA[GOLF CABRIOLET]]>
              </value>
            </param>
          </params>
          <reporter-output>
          </reporter-output>
        </test-method> <!-- testcar -->
        <test-method status="PASS" signature="testcar(java.lang.String, java.lang.String, java.lang.String, java.lang.String, java.lang.String, java.lang.String)[pri:0, instance:friday.InsureCar.AppTest@57829d67]" name="testcar" duration-ms="21080" started-at="2020-01-14T02:54:45Z" data-provider="CarObject" finished-at="2020-01-14T02:55:06Z">
          <params>
            <param index="0">
              <value>
                <![CDATA[VW]]>
              </value>
            </param>
            <param index="1">
              <value>
                <![CDATA[Polo]]>
              </value>
            </param>
            <param index="2">
              <value>
                <![CDATA[Kombi]]>
              </value>
            </param>
            <param index="3">
              <value>
                <![CDATA[Benzin]]>
              </value>
            </param>
            <param index="4">
              <value>
                <![CDATA[74 kW / 101 PS]]>
              </value>
            </param>
            <param index="5">
              <value>
                <![CDATA[POLO VARIANT 1.6]]>
              </value>
            </param>
          </params>
          <reporter-output>
          </reporter-output>
        </test-method> <!-- testcar -->
        <test-method status="PASS" signature="testcar(java.lang.String, java.lang.String, java.lang.String, java.lang.String, java.lang.String, java.lang.String)[pri:0, instance:friday.InsureCar.AppTest@57829d67]" name="testcar" duration-ms="21765" started-at="2020-01-14T02:55:06Z" data-provider="CarObject" finished-at="2020-01-14T02:55:28Z">
          <params>
            <param index="0">
              <value>
                <![CDATA[FORD]]>
              </value>
            </param>
            <param index="1">
              <value>
                <![CDATA[C-Max]]>
              </value>
            </param>
            <param index="2">
              <value>
                <![CDATA[ ]]>
              </value>
            </param>
            <param index="3">
              <value>
                <![CDATA[Gas]]>
              </value>
            </param>
            <param index="4">
              <value>
                <![CDATA[107 kW / 145 PS]]>
              </value>
            </param>
            <param index="5">
              <value>
                <![CDATA[FOCUS C-MAX 2.0]]>
              </value>
            </param>
          </params>
          <reporter-output>
          </reporter-output>
        </test-method> <!-- testcar -->
        <test-method status="PASS" signature="testcar(java.lang.String, java.lang.String, java.lang.String, java.lang.String, java.lang.String, java.lang.String)[pri:0, instance:friday.InsureCar.AppTest@57829d67]" name="testcar" duration-ms="22253" started-at="2020-01-14T02:55:28Z" data-provider="CarObject" finished-at="2020-01-14T02:55:50Z">
          <params>
            <param index="0">
              <value>
                <![CDATA[FORD]]>
              </value>
            </param>
            <param index="1">
              <value>
                <![CDATA[Fiesta]]>
              </value>
            </param>
            <param index="2">
              <value>
                <![CDATA[ ]]>
              </value>
            </param>
            <param index="3">
              <value>
                <![CDATA[Benzin]]>
              </value>
            </param>
            <param index="4">
              <value>
                <![CDATA[40 kW / 54 PS]]>
              </value>
            </param>
            <param index="5">
              <value>
                <![CDATA[FIESTA]]>
              </value>
            </param>
          </params>
          <reporter-output>
          </reporter-output>
        </test-method> <!-- testcar -->
        <test-method status="PASS" signature="testcar(java.lang.String, java.lang.String, java.lang.String, java.lang.String, java.lang.String, java.lang.String)[pri:0, instance:friday.InsureCar.AppTest@57829d67]" name="testcar" duration-ms="25812" started-at="2020-01-14T02:55:50Z" data-provider="CarObject" finished-at="2020-01-14T02:56:16Z">
          <params>
            <param index="0">
              <value>
                <![CDATA[FORD]]>
              </value>
            </param>
            <param index="1">
              <value>
                <![CDATA[KA]]>
              </value>
            </param>
            <param index="2">
              <value>
                <![CDATA[ ]]>
              </value>
            </param>
            <param index="3">
              <value>
                <![CDATA[Benzin]]>
              </value>
            </param>
            <param index="4">
              <value>
                <![CDATA[44 kW / 60 PS]]>
              </value>
            </param>
            <param index="5">
              <value>
                <![CDATA[KA 1.3]]>
              </value>
            </param>
          </params>
          <reporter-output>
          </reporter-output>
        </test-method> <!-- testcar -->
        <test-method status="PASS" signature="cleanup()[pri:0, instance:friday.InsureCar.AppTest@57829d67]" name="cleanup" is-config="true" duration-ms="719" started-at="2020-01-14T02:56:16Z" finished-at="2020-01-14T02:56:17Z">
          <reporter-output>
          </reporter-output>
        </test-method> <!-- cleanup -->
      </class> <!-- friday.InsureCar.AppTest -->
    </test> <!-- Command line test -->
  </suite> <!-- friday.InsureCar.AppTest -->
</testng-results>
