<?xml version="1.0" encoding="UTF-8"?>
<!-- Generated by org.testng.reporters.JUnitXMLReporter -->
<testsuite hostname="LAPTOP-B1J4CQE9" ignored="0" name="Command line test" tests="9" failures="0" timestamp="14 Jan 2020 01:56:16 GMT" time="209.72" errors="0">
  <testcase name="testcar" time="28.329" classname="friday.InsureCar.AppTest"/>
  <testcase name="testcar" time="21.365" classname="friday.InsureCar.AppTest"/>
  <testcase name="testcar" time="24.156" classname="friday.InsureCar.AppTest"/>
  <testcase name="testcar" time="22.57" classname="friday.InsureCar.AppTest"/>
  <testcase name="testcar" time="22.342" classname="friday.InsureCar.AppTest"/>
  <testcase name="testcar" time="21.08" classname="friday.InsureCar.AppTest"/>
  <testcase name="testcar" time="21.765" classname="friday.InsureCar.AppTest"/>
  <testcase name="testcar" time="22.253" classname="friday.InsureCar.AppTest"/>
  <testcase name="testcar" time="25.812" classname="friday.InsureCar.AppTest"/>
</testsuite> <!-- Command line test -->
